0 info it worked if it ends with ok
1 verbose cli [ 'c:\\Program Files\\nodejs\\node.exe',
1 verbose cli   'c:\\Program Files\\nodejs\\node_modules\\npm\\bin\\npm-cli.js',
1 verbose cli   'start' ]
2 info using npm@3.7.3
3 info using node@v5.9.1
4 verbose run-script [ 'prestart', 'start', 'poststart' ]
5 info lifecycle LightExpress@0.0.1~prestart: LightExpress@0.0.1
6 silly lifecycle LightExpress@0.0.1~prestart: no script for prestart, continuing
7 info lifecycle LightExpress@0.0.1~start: LightExpress@0.0.1
8 verbose lifecycle LightExpress@0.0.1~start: unsafe-perm in lifecycle true
9 verbose lifecycle LightExpress@0.0.1~start: PATH: c:\Program Files\nodejs\node_modules\npm\bin\node-gyp-bin;f:\workspace\task\node_modules\.bin;c:\Program Files\nodejs;c:\Users\lscm\bin;.;C:\Program Files (x86)\Git\local\bin;C:\Program Files (x86)\Git\mingw\bin;C:\Program Files (x86)\Git\bin;c:\Program Files\ConEmu;c:\Program Files\ConEmu\ConEmu;c:\Program Files (x86)\Intel\iCLS Client\;c:\Program Files\Intel\iCLS Client\;c:\Windows\system32;c:\Windows;c:\Windows\System32\Wbem;c:\Windows\System32\WindowsPowerShell\v1.0\;c:\Program Files\Intel\Intel(R) Management Engine Components\DAL;c:\Program Files\Intel\Intel(R) Management Engine Components\IPT;c:\Program Files (x86)\Intel\Intel(R) Management Engine Components\DAL;c:\Program Files (x86)\Intel\Intel(R) Management Engine Components\IPT;c:\Program Files\nodejs\;e:\Ruby21-x64\bin;C:\Program Files (x86)\Git\bin;c:\Users\lscm\AppData\Roaming\npm
10 verbose lifecycle LightExpress@0.0.1~start: CWD: f:\workspace\task
11 silly lifecycle LightExpress@0.0.1~start: Args: [ '/d /s /c', 'node ./node/express-scss/bin/www' ]
12 silly lifecycle LightExpress@0.0.1~start: Returned: code: 1  signal: null
13 info lifecycle LightExpress@0.0.1~start: Failed to exec start script
14 verbose stack Error: LightExpress@0.0.1 start: `node ./node/express-scss/bin/www`
14 verbose stack Exit status 1
14 verbose stack     at EventEmitter.<anonymous> (c:\Program Files\nodejs\node_modules\npm\lib\utils\lifecycle.js:239:16)
14 verbose stack     at emitTwo (events.js:100:13)
14 verbose stack     at EventEmitter.emit (events.js:185:7)
14 verbose stack     at ChildProcess.<anonymous> (c:\Program Files\nodejs\node_modules\npm\lib\utils\spawn.js:24:14)
14 verbose stack     at emitTwo (events.js:100:13)
14 verbose stack     at ChildProcess.emit (events.js:185:7)
14 verbose stack     at maybeClose (internal/child_process.js:850:16)
14 verbose stack     at Process.ChildProcess._handle.onexit (internal/child_process.js:215:5)
15 verbose pkgid LightExpress@0.0.1
16 verbose cwd f:\workspace\task
17 error Windows_NT 6.1.7601
18 error argv "c:\\Program Files\\nodejs\\node.exe" "c:\\Program Files\\nodejs\\node_modules\\npm\\bin\\npm-cli.js" "start"
19 error node v5.9.1
20 error npm  v3.7.3
21 error code ELIFECYCLE
22 error LightExpress@0.0.1 start: `node ./node/express-scss/bin/www`
22 error Exit status 1
23 error Failed at the LightExpress@0.0.1 start script 'node ./node/express-scss/bin/www'.
23 error Make sure you have the latest version of node.js and npm installed.
23 error If you do, this is most likely a problem with the LightExpress package,
23 error not with npm itself.
23 error Tell the author that this fails on your system:
23 error     node ./node/express-scss/bin/www
23 error You can get information on how to open an issue for this project with:
23 error     npm bugs LightExpress
23 error Or if that isn't available, you can get their info via:
23 error     npm owner ls LightExpress
23 error There is likely additional logging output above.
24 verbose exit [ 1, true ]
